app/build/outputs/mapping/fdroidRelease/configuration.txt
# The proguard configuration file for the following section is default_proguard_files/global/proguard-android.txt-7.3.1
# This is a configuration file for ProGuard.
# http://proguard.sourceforge.net/index.html#manual/usage.html
#
# Starting with version 2.2 of the Android plugin for Gradle, this file is distributed together with
# the plugin and unpacked at build-time. The files in $ANDROID_HOME are no longer maintained and
# will be ignored by new version of the Android plugin for Gradle.

# Optimization is turned off by default. Dex does not like code run
# through the ProGuard optimize steps (and performs some
# of these optimizations on its own).
# Note that if you want to enable optimization, you cannot just
# include optimization flags in your own project configuration file;
# instead you will need to point to the
# "proguard-android-optimize.txt" file instead of this one from your
# project.properties file.
-dontoptimize

-dontusemixedcaseclassnames
-dontskipnonpubliclibraryclasses
-verbose

# Preserve some attributes that may be required for reflection.
-keepattributes AnnotationDefault,
                EnclosingMethod,
                InnerClasses,
                RuntimeVisibleAnnotations,
                RuntimeVisibleParameterAnnotations,
                RuntimeVisibleTypeAnnotations,
                Signature

-keep public class com.google.vending.licensing.ILicensingService
-keep public class com.android.vending.licensing.ILicensingService
-keep public class com.google.android.vending.licensing.ILicensingService
-dontnote com.android.vending.licensing.ILicensingService
-dontnote com.google.vending.licensing.ILicensingService
-dontnote com.google.android.vending.licensing.ILicensingService

# For native methods, see http://proguard.sourceforge.net/manual/examples.html#native
-keepclasseswithmembernames,includedescriptorclasses class * {
    native <methods>;
}

# Keep setters in Views so that animations can still work.
-keepclassmembers public class * extends android.view.View {
    void set*(***);
    *** get*();
}

# We want to keep methods in Activity that could be used in the XML attribute onClick.
-keepclassmembers class * extends android.app.Activity {
    public void *(android.view.View);
}

# For enumeration classes, see http://proguard.sourceforge.net/manual/examples.html#enumerations
-keepclassmembers enum * {
    public static **[] values();
    public static ** valueOf(java.lang.String);
}

-keepclassmembers class * implements android.os.Parcelable {
    public static final ** CREATOR;
}

# Preserve annotated Javascript interface methods.
-keepclassmembers class * {
    @android.webkit.JavascriptInterface <methods>;
}

# The support libraries contains references to newer platform versions.
# Don't warn about those in case this app is linking against an older
# platform version. We know about them, and they are safe.
-dontnote android.support.**
-dontnote androidx.**
-dontwarn android.support.**
-dontwarn androidx.**

# This class is deprecated, but remains for backward compatibility.
-dontwarn android.util.FloatMath

# Understand the @Keep support annotation.
-keep class android.support.annotation.Keep
-keep class androidx.annotation.Keep

-keep @android.support.annotation.Keep class * {*;}
-keep @androidx.annotation.Keep class * {*;}

-keepclasseswithmembers class * {
    @android.support.annotation.Keep <methods>;
}

-keepclasseswithmembers class * {
    @androidx.annotation.Keep <methods>;
}

-keepclasseswithmembers class * {
    @android.support.annotation.Keep <fields>;
}

-keepclasseswithmembers class * {
    @androidx.annotation.Keep <fields>;
}

-keepclasseswithmembers class * {
    @android.support.annotation.Keep <init>(...);
}

-keepclasseswithmembers class * {
    @androidx.annotation.Keep <init>(...);
}

# These classes are duplicated between android.jar and org.apache.http.legacy.jar.
-dontnote org.apache.http.**
-dontnote android.net.http.**

# These classes are duplicated between android.jar and core-lambda-stubs.jar.
-dontnote java.lang.invoke.**

# End of content from default_proguard_files/global/proguard-android.txt-7.3.1
# The proguard configuration file for the following section is LeOS-Phone/app/proguard-rules.pro

# End of content from LeOS-Phone/app/proguard-rules.pro
# The proguard configuration file for the following section is aapt_proguard_file/fdroidRelease/aapt_rules.txt
-keep class androidx.core.app.CoreComponentFactory { <init>(); }
-keep class androidx.startup.InitializationProvider { <init>(); }
-keep class com.android.billingclient.api.ProxyBillingActivity { <init>(); }
-keep class com.goodwy.commons.activities.AboutActivity { <init>(); }
-keep class com.goodwy.commons.activities.ContributorsActivity { <init>(); }
-keep class com.goodwy.commons.activities.CustomizationActivity { <init>(); }
-keep class com.goodwy.commons.activities.FAQActivity { <init>(); }
-keep class com.goodwy.commons.activities.LicenseActivity { <init>(); }
-keep class com.goodwy.commons.activities.ManageBlockedNumbersActivity { <init>(); }
-keep class com.goodwy.commons.receivers.SharedThemeReceiver { <init>(); }
-keep class com.goodwy.dialer.App { <init>(); }
-keep class com.goodwy.dialer.activities.CallActivity { <init>(); }
-keep class com.goodwy.dialer.activities.CallHistoryActivity { <init>(); }
-keep class com.goodwy.dialer.activities.ConferenceActivity { <init>(); }
-keep class com.goodwy.dialer.activities.DialerActivity { <init>(); }
-keep class com.goodwy.dialer.activities.DialpadActivity { <init>(); }
-keep class com.goodwy.dialer.activities.MainActivity { <init>(); }
-keep class com.goodwy.dialer.activities.ManageSpeedDialActivity { <init>(); }
-keep class com.goodwy.dialer.activities.SettingsActivity { <init>(); }
-keep class com.goodwy.dialer.activities.SplashActivity { <init>(); }
-keep class com.goodwy.dialer.receivers.CallActionReceiver { <init>(); }
-keep class com.goodwy.dialer.services.CallService { <init>(); }
-keep class com.goodwy.dialer.services.SimpleCallScreeningService { <init>(); }
-keep class android.widget.Space { <init>(android.content.Context, android.util.AttributeSet); }

-keep class androidx.appcompat.app.AlertController$RecycleListView { <init>(android.content.Context, android.util.AttributeSet); }

-keep class androidx.appcompat.view.menu.ActionMenuItemView { <init>(android.content.Context, android.util.AttributeSet); }

-keep class androidx.appcompat.view.menu.ExpandedMenuView { <init>(android.content.Context, android.util.AttributeSet); }

-keep class androidx.appcompat.view.menu.ListMenuItemView { <init>(android.content.Context, android.util.AttributeSet); }

-keep class androidx.appcompat.widget.ActionBarContainer { <init>(android.content.Context, android.util.AttributeSet); }

-keep class androidx.appcompat.widget.ActionBarContextView { <init>(android.content.Context, android.util.AttributeSet); }

-keep class androidx.appcompat.widget.ActionBarOverlayLayout { <init>(android.content.Context, android.util.AttributeSet); }

-keep class androidx.appcompat.widget.ActionMenuView { <init>(android.content.Context, android.util.AttributeSet); }

-keep class androidx.appcompat.widget.ActivityChooserView$InnerLayout { <init>(android.content.Context, android.util.AttributeSet); }

-keep class androidx.appcompat.widget.AlertDialogLayout { <init>(android.content.Context, android.util.AttributeSet); }

-keep class androidx.appcompat.widget.AppCompatButton { <init>(android.content.Context, android.util.AttributeSet); }

-keep class androidx.appcompat.widget.AppCompatImageView { <init>(android.content.Context, android.util.AttributeSet); }

-keep class androidx.appcompat.widget.AppCompatTextView { <init>(android.content.Context, android.util.AttributeSet); }

-keep class androidx.appcompat.widget.ButtonBarLayout { <init>(android.content.Context, android.util.AttributeSet); }

-keep class androidx.appcompat.widget.ContentFrameLayout { <init>(android.content.Context, android.util.AttributeSet); }

-keep class androidx.appcompat.widget.DialogTitle { <init>(android.content.Context, android.util.AttributeSet); }

-keep class androidx.appcompat.widget.FitWindowsFrameLayout { <init>(android.content.Context, android.util.AttributeSet); }

-keep class androidx.appcompat.widget.FitWindowsLinearLayout { <init>(android.content.Context, android.util.AttributeSet); }

-keep class androidx.appcompat.widget.SearchView { <init>(android.content.Context); }

-keep class androidx.appcompat.widget.SearchView$SearchAutoComplete { <init>(android.content.Context, android.util.AttributeSet); }

-keep class androidx.appcompat.widget.Toolbar { <init>(android.content.Context, android.util.AttributeSet); }

-keep class androidx.appcompat.widget.ViewStubCompat { <init>(android.content.Context, android.util.AttributeSet); }

-keep class androidx.cardview.widget.CardView { <init>(android.content.Context, android.util.AttributeSet); }

-keep class androidx.constraintlayout.helper.widget.Flow { <init>(android.content.Context, android.util.AttributeSet); }

-keep class androidx.constraintlayout.widget.Barrier { <init>(android.content.Context, android.util.AttributeSet); }

-keep class androidx.constraintlayout.widget.ConstraintLayout { <init>(android.content.Context, android.util.AttributeSet); }

-keep class androidx.constraintlayout.widget.Group { <init>(android.content.Context, android.util.AttributeSet); }

-keep class androidx.constraintlayout.widget.Guideline { <init>(android.content.Context, android.util.AttributeSet); }

-keep class androidx.coordinatorlayout.widget.CoordinatorLayout { <init>(android.content.Context, android.util.AttributeSet); }

-keep class androidx.core.widget.NestedScrollView { <init>(android.content.Context, android.util.AttributeSet); }

-keep class androidx.fragment.app.FragmentContainerView { <init>(android.content.Context, android.util.AttributeSet); }

-keep class androidx.recyclerview.widget.RecyclerView { <init>(android.content.Context, android.util.AttributeSet); }

-keep class com.andrognito.patternlockview.PatternLockView { <init>(android.content.Context, android.util.AttributeSet); }

-keep class com.goodwy.commons.views.BiometricIdTab { <init>(android.content.Context, android.util.AttributeSet); }

-keep class com.goodwy.commons.views.Breadcrumbs { <init>(android.content.Context, android.util.AttributeSet); }

-keep class com.goodwy.commons.views.ColorPickerSquare { <init>(android.content.Context, android.util.AttributeSet); }

-keep class com.goodwy.commons.views.FingerprintTab { <init>(android.content.Context, android.util.AttributeSet); }

-keep class com.goodwy.commons.views.LineColorPicker { <init>(android.content.Context, android.util.AttributeSet); }

-keep class com.goodwy.commons.views.LineColorPickerGrid { <init>(android.content.Context, android.util.AttributeSet); }

-keep class com.goodwy.commons.views.MyAppCompatCheckbox { <init>(android.content.Context, android.util.AttributeSet); }

-keep class com.goodwy.commons.views.MyButton { <init>(android.content.Context, android.util.AttributeSet); }

-keep class com.goodwy.commons.views.MyCompatRadioButton { <init>(android.content.Context, android.util.AttributeSet); }

-keep class com.goodwy.commons.views.MyDialogViewPager { <init>(android.content.Context, android.util.AttributeSet); }

-keep class com.goodwy.commons.views.MyEditText { <init>(android.content.Context, android.util.AttributeSet); }

-keep class com.goodwy.commons.views.MyFloatingActionButton { <init>(android.content.Context, android.util.AttributeSet); }

-keep class com.goodwy.commons.views.MyRecyclerView { <init>(android.content.Context, android.util.AttributeSet); }

-keep class com.goodwy.commons.views.MyScrollView { <init>(android.content.Context, android.util.AttributeSet); }

-keep class com.goodwy.commons.views.MySwitchCompat { <init>(android.content.Context, android.util.AttributeSet); }

-keep class com.goodwy.commons.views.MyTextInputLayout { <init>(android.content.Context, android.util.AttributeSet); }

-keep class com.goodwy.commons.views.MyTextView { <init>(android.content.Context, android.util.AttributeSet); }

-keep class com.goodwy.commons.views.MyViewPager { <init>(android.content.Context, android.util.AttributeSet); }

-keep class com.goodwy.commons.views.PatternTab { <init>(android.content.Context, android.util.AttributeSet); }

-keep class com.goodwy.commons.views.PinTab { <init>(android.content.Context, android.util.AttributeSet); }

-keep class com.goodwy.commons.views.RenamePatternTab { <init>(android.content.Context, android.util.AttributeSet); }

-keep class com.goodwy.commons.views.RenameSimpleTab { <init>(android.content.Context, android.util.AttributeSet); }

-keep class com.goodwy.dialer.fragments.ContactsFragment { <init>(android.content.Context, android.util.AttributeSet); }

-keep class com.goodwy.dialer.fragments.FavoritesFragment { <init>(android.content.Context, android.util.AttributeSet); }

-keep class com.goodwy.dialer.fragments.RecentsFragment { <init>(android.content.Context, android.util.AttributeSet); }

-keep class com.google.android.material.appbar.AppBarLayout { <init>(android.content.Context, android.util.AttributeSet); }

-keep class com.google.android.material.appbar.CollapsingToolbarLayout { <init>(android.content.Context, android.util.AttributeSet); }

-keep class com.google.android.material.appbar.MaterialToolbar { <init>(android.content.Context, android.util.AttributeSet); }

-keep class com.google.android.material.button.MaterialButton { <init>(android.content.Context, android.util.AttributeSet); }

-keep class com.google.android.material.button.MaterialButtonToggleGroup { <init>(android.content.Context, android.util.AttributeSet); }

-keep class com.google.android.material.chip.Chip { <init>(android.content.Context, android.util.AttributeSet); }

-keep class com.google.android.material.datepicker.MaterialCalendarGridView { <init>(android.content.Context, android.util.AttributeSet); }

-keep class com.google.android.material.internal.BaselineLayout { <init>(android.content.Context, android.util.AttributeSet); }

-keep class com.google.android.material.internal.CheckableImageButton { <init>(android.content.Context, android.util.AttributeSet); }

-keep class com.google.android.material.internal.NavigationMenuItemView { <init>(android.content.Context, android.util.AttributeSet); }

-keep class com.google.android.material.internal.NavigationMenuView { <init>(android.content.Context, android.util.AttributeSet); }

-keep class com.google.android.material.snackbar.Snackbar$SnackbarLayout { <init>(android.content.Context, android.util.AttributeSet); }

-keep class com.google.android.material.snackbar.SnackbarContentLayout { <init>(android.content.Context, android.util.AttributeSet); }

-keep class com.google.android.material.tabs.TabItem { <init>(android.content.Context, android.util.AttributeSet); }

-keep class com.google.android.material.tabs.TabLayout { <init>(android.content.Context, android.util.AttributeSet); }

-keep class com.google.android.material.textfield.TextInputEditText { <init>(android.content.Context, android.util.AttributeSet); }

-keep class com.google.android.material.textfield.TextInputLayout { <init>(android.content.Context, android.util.AttributeSet); }

-keep class com.google.android.material.timepicker.ChipTextInputComboView { <init>(android.content.Context, android.util.AttributeSet); }

-keep class com.google.android.material.timepicker.ClockFaceView { <init>(android.content.Context, android.util.AttributeSet); }

-keep class com.google.android.material.timepicker.ClockHandView { <init>(android.content.Context, android.util.AttributeSet); }

-keep class com.google.android.material.timepicker.TimePickerView { <init>(android.content.Context, android.util.AttributeSet); }

-keep class com.qtalk.recyclerviewfastscroller.RecyclerViewFastScroller { <init>(android.content.Context, android.util.AttributeSet); }

-keep class com.reddit.indicatorfastscroll.FastScrollerThumbView { <init>(android.content.Context, android.util.AttributeSet); }

-keep class com.reddit.indicatorfastscroll.FastScrollerView { <init>(android.content.Context, android.util.AttributeSet); }


# End of content from aapt_proguard_file/fdroidRelease/aapt_rules.txt
# The proguard configuration file for the following section is transformed/material-1.8.0-alpha01/proguard.txt
# Copyright (C) 2015 The Android Open Source Project
#
# Licensed under the Apache License, Version 2.0 (the "License");
# you may not use this file except in compliance with the License.
# You may obtain a copy of the License at
#
#      http://www.apache.org/licenses/LICENSE-2.0
#
# Unless required by applicable law or agreed to in writing, software
# distributed under the License is distributed on an "AS IS" BASIS,
# WITHOUT WARRANTIES OR CONDITIONS OF ANY KIND, either express or implied.
# See the License for the specific language governing permissions and
# limitations under the License.

# CoordinatorLayout resolves the behaviors of its child components with reflection.
-keep public class * extends androidx.coordinatorlayout.widget.CoordinatorLayout$Behavior {
    public <init>(android.content.Context, android.util.AttributeSet);
    public <init>();
}

# Make sure we keep annotations for CoordinatorLayout's DefaultBehavior
-keepattributes RuntimeVisible*Annotation*

# Copyright (C) 2018 The Android Open Source Project
#
# Licensed under the Apache License, Version 2.0 (the "License");
# you may not use this file except in compliance with the License.
# You may obtain a copy of the License at
#
#      http://www.apache.org/licenses/LICENSE-2.0
#
# Unless required by applicable law or agreed to in writing, software
# distributed under the License is distributed on an "AS IS" BASIS,
# WITHOUT WARRANTIES OR CONDITIONS OF ANY KIND, either express or implied.
# See the License for the specific language governing permissions and
# limitations under the License.

# AppCompatViewInflater reads the viewInflaterClass theme attribute which then
# reflectively instantiates MaterialComponentsViewInflater using the no-argument
# constructor. We only need to keep this constructor and the class name if
# AppCompatViewInflater is also being kept.
-if class androidx.appcompat.app.AppCompatViewInflater
-keep class com.google.android.material.theme.MaterialComponentsViewInflater {
    <init>();
}


# End of content from transformed/material-1.8.0-alpha01/proguard.txt
# The proguard configuration file for the following section is transformed/jetified-glide-4.13.2/proguard.txt
-keep public class * implements com.bumptech.glide.module.GlideModule
-keep class * extends com.bumptech.glide.module.AppGlideModule {
 <init>(...);
}
-keep public enum com.bumptech.glide.load.ImageHeaderParser$** {
  **[] $VALUES;
  public *;
}
-keep class com.bumptech.glide.load.data.ParcelFileDescriptorRewinder$InternalRewinder {
  *** rewind();
}

# Uncomment for DexGuard only
#-keepresourcexmlelements manifest/application/meta-data@value=GlideModule

# End of content from transformed/jetified-glide-4.13.2/proguard.txt
# The proguard configuration file for the following section is transformed/jetified-ShortcutBadger-1.1.22/proguard.txt
#https://github.com/leolin310148/ShortcutBadger/issues/46
-keep class me.leolin.shortcutbadger.impl.AdwHomeBadger { <init>(...); }
-keep class me.leolin.shortcutbadger.impl.ApexHomeBadger { <init>(...); }
-keep class me.leolin.shortcutbadger.impl.AsusHomeLauncher { <init>(...); }
-keep class me.leolin.shortcutbadger.impl.DefaultBadger { <init>(...); }
-keep class me.leolin.shortcutbadger.impl.NewHtcHomeBadger { <init>(...); }
-keep class me.leolin.shortcutbadger.impl.NovaHomeBadger { <init>(...); }
-keep class me.leolin.shortcutbadger.impl.SolidHomeBadger { <init>(...); }
-keep class me.leolin.shortcutbadger.impl.SonyHomeBadger { <init>(...); }
-keep class me.leolin.shortcutbadger.impl.XiaomiHomeBadger { <init>(...); }