app/build/outputs/mapping/fdroidRelease/seeds.txt
com.goodwy.dialer.receivers.CallActionReceiver
com.goodwy.dialer.services.SimpleCallScreeningService
com.goodwy.dialer.activities.CallHistoryActivity
com.goodwy.dialer.activities.ManageSpeedDialActivity
com.goodwy.dialer.helpers.CallHistoryTopBehavior
com.goodwy.dialer.activities.CallActivity
com.goodwy.dialer.activities.SplashActivity
com.goodwy.dialer.dialogs.DynamicBottomSheetChooserDialog
com.goodwy.dialer.activities.MainActivity
com.goodwy.dialer.activities.SettingsActivity
com.goodwy.dialer.services.CallService
com.goodwy.dialer.fragments.ContactsFragment
com.goodwy.dialer.activities.DialpadActivity
com.goodwy.dialer.activities.DialerActivity
com.goodwy.dialer.App
com.goodwy.dialer.fragments.FavoritesFragment
com.goodwy.dialer.fragments.RecentsFragment
com.goodwy.dialer.activities.ConferenceActivity
com.goodwy.dialer.helpers.PhoneState: PhoneState()
com.goodwy.dialer.activities.SimpleActivity: SimpleActivity()
com.goodwy.dialer.activities.DialpadActivity: void slideUp(android.view.View)
com.goodwy.dialer.fragments.FavoritesFragment: FavoritesFragment(android.content.Context,android.util.AttributeSet)
com.goodwy.dialer.activities.SettingsActivity: SettingsActivity()
com.goodwy.dialer.fragments.MyViewPagerFragment: com.goodwy.dialer.activities.SimpleActivity getActivity()
com.goodwy.dialer.activities.DialerActivity: DialerActivity()
com.goodwy.dialer.services.SimpleCallScreeningService: SimpleCallScreeningService()
com.goodwy.dialer.fragments.MyViewPagerFragment: MyViewPagerFragment(android.content.Context,android.util.AttributeSet)
com.goodwy.dialer.fragments.MyViewPagerFragment: void setActivity(com.goodwy.dialer.activities.SimpleActivity)
com.goodwy.dialer.dialogs.DynamicBottomSheetChooserDialog: DynamicBottomSheetChooserDialog()
com.goodwy.dialer.activities.MainActivity: MainActivity()
com.goodwy.dialer.helpers.CallHistoryTopBehavior: CallHistoryTopBehavior(android.content.Context,android.util.AttributeSet)
com.goodwy.dialer.fragments.RecentsFragment: RecentsFragment(android.content.Context,android.util.AttributeSet)
com.goodwy.dialer.activities.ManageSpeedDialActivity: ManageSpeedDialActivity()
com.goodwy.dialer.activities.SplashActivity: SplashActivity()
com.goodwy.dialer.receivers.CallActionReceiver: CallActionReceiver()
com.goodwy.dialer.fragments.ContactsFragment: ContactsFragment(android.content.Context,android.util.AttributeSet)
com.goodwy.dialer.models.AudioRoute: com.goodwy.dialer.models.AudioRoute[] values()
com.goodwy.dialer.fragments.FavoritesFragment: void setupLetterFastscroller(java.util.ArrayList)
com.goodwy.dialer.services.CallService: CallService()
com.goodwy.dialer.models.AudioRoute: com.goodwy.dialer.models.AudioRoute valueOf(java.lang.String)
com.goodwy.dialer.activities.CallActivity: CallActivity()
com.goodwy.dialer.activities.CallHistoryActivity: CallHistoryActivity()
com.goodwy.dialer.activities.DialpadActivity: DialpadActivity()
com.goodwy.dialer.activities.ConferenceActivity: ConferenceActivity()
com.goodwy.dialer.activities.DialpadActivity: void slideDown(android.view.View)
com.goodwy.dialer.App: App()
com.goodwy.dialer.fragments.MyViewPagerFragment: void setupFragment(com.goodwy.dialer.activities.SimpleActivity)
com.goodwy.dialer.fragments.ContactsFragment: void setupLetterFastscroller(java.util.ArrayList)
...
androidx.constraintlayout.motion.widget.MotionLayout: float getTargetPosition()
com.google.android.material.chip.ChipGroup: void setChipSpacingVertical(int)
androidx.core.widget.EdgeEffectCompat$Api21Impl: void onPull(android.widget.EdgeEffect,float,float)
androidx.recyclerview.widget.RecyclerView: int getScrollState()
com.goodwy.commons.views.RenameSimpleTab: java.util.ArrayList getPaths()
com.goodwy.commons.views.LineColorPicker: void setListener(com.goodwy.commons.interfaces.LineColorPickerListener)
androidx.recyclerview.widget.RecyclerView$LayoutManager: RecyclerView$LayoutManager()
com.google.android.material.chip.Chip: void setChipIconSizeResource(int)
com.google.android.material.appbar.CollapsingToolbarLayout: void setRtlTextDirectionHeuristicsEnabled(boolean)
androidx.constraintlayout.helper.widget.Flow: void setVerticalGap(int)
androidx.vectordrawable.graphics.drawable.VectorDrawableCompat$VGroup: float getPivotY()
com.google.android.material.internal.FlowLayout: int getRowCount()
androidx.core.app.CoreComponentFactory: CoreComponentFactory()
androidx.constraintlayout.motion.widget.MotionLayout: int getCurrentState()
androidx.appcompat.widget.Toolbar: void setContentInsetStartWithNavigation(int)
com.goodwy.commons.views.MyAppCompatCheckbox: MyAppCompatCheckbox(android.content.Context,android.util.AttributeSet)
androidx.cardview.widget.CardView: void setCardElevation(float)
com.google.android.material.textfield.TextInputLayout: void setPrefixTextColor(android.content.res.ColorStateList)
androidx.appcompat.widget.ScrollingTabContainerView: void setContentHeight(int)
androidx.core.view.ViewConfigurationCompat$Api28Impl: boolean shouldShowMenuShortcutsWhenKeyboardPresent(android.view.ViewConfiguration)
androidx.core.app.NotificationCompat$Style: NotificationCompat$Style()
com.google.i18n.phonenumbers.PhoneNumberUtil$PhoneNumberFormat: com.google.i18n.phonenumbers.PhoneNumberUtil$PhoneNumberFormat valueOf(java.lang.String)
androidx.constraintlayout.helper.widget.Flow: void setHorizontalStyle(int)
com.google.android.material.internal.NavigationMenuItemView: void setIconSize(int)
com.google.android.material.appbar.CollapsingToolbarLayout: void setScrimAnimationDuration(long)
com.google.android.material.tabs.TabLayout: void setupWithViewPager(androidx.viewpager.widget.ViewPager)
com.duolingo.open.rtlviewpager.RtlViewPager: int getCurrentItem()
androidx.activity.ComponentActivity: ComponentActivity()
com.qtalk.recyclerviewfastscroller.RecyclerViewFastScroller$HandleStateListener: void onEngaged()
androidx.appcompat.widget.AppCompatButton: android.graphics.PorterDuff$Mode getSupportBackgroundTintMode()
com.google.android.material.appbar.AppBarLayout: int getMinimumHeightForVisibleOverlappingContent()
com.google.android.material.materialswitch.MaterialSwitch: void setThumbTintList(android.content.res.ColorStateList)
com.google.android.material.textfield.TextInputLayout: int getBoxStrokeColor()
com.goodwy.commons.activities.ManageBlockedNumbersActivity: ManageBlockedNumbersActivity()
androidx.vectordrawable.graphics.drawable.VectorDrawableCompat$VGroup: float getScaleY()
com.google.android.material.textfield.TextInputLayout: void setEndIconContentDescription(java.lang.CharSequence)
com.bumptech.glide.GlideBuilder$WaitForFramesAfterTrimMemory: GlideBuilder$WaitForFramesAfterTrimMemory()
androidx.constraintlayout.motion.widget.MotionLayout: java.util.ArrayList getDefinedTransitions()
com.google.gson.stream.JsonToken: com.google.gson.stream.JsonToken valueOf(java.lang.String)
androidx.appcompat.widget.SwitchCompat: void setThumbTintList(android.content.res.ColorStateList)
com.qtalk.recyclerviewfastscroller.RecyclerViewFastScroller: void setTextStyle(int)
com.reddit.indicatorfastscroll.FastScrollerView: void setOnItemIndicatorTouched$indicator_fast_scroll_release(kotlin.jvm.functions.Function1)
androidx.core.view.ViewCompat$Api19Impl: boolean isLayoutDirectionResolved(android.view.View)