app/build/outputs/mapping/fdroidRelease/mapping.txt
# compiler: R8
# compiler_version: 3.3.83
# min_api: 26
# common_typos_disable
# {"id":"com.android.tools.r8.mapping","version":"2.0"}
# pg_map_id: b4687b1
# pg_map_hash: SHA-256 b4687b13cbb6ab34f9c82aef741ccb4df46a29d2a1faa20a7a71d3d31ff100da
com.goodwy.dialer.App -> com.goodwy.dialer.App:
    com.anjlab.android.iab.v3.BillingProcessor billingProcessor -> e
    com.goodwy.dialer.App$Companion Companion -> f
    com.goodwy.dialer.App instance -> g
    com.goodwy.dialer.App access$getInstance$cp() -> a
    com.anjlab.android.iab.v3.BillingProcessor getBillingProcessor() -> b
    void setBillingProcessor(com.anjlab.android.iab.v3.BillingProcessor) -> c
com.goodwy.dialer.App$Companion -> com.goodwy.dialer.App$a:
    boolean isProVersion() -> a
com.goodwy.dialer.App$onCreate$1 -> com.goodwy.dialer.App$b:
    void onPurchaseHistoryRestored() -> e
    void onProductPurchased(java.lang.String,com.anjlab.android.iab.v3.PurchaseInfo) -> j
    void onBillingError(int,java.lang.Throwable) -> l
    void onBillingInitialized() -> o
com.goodwy.dialer.R$id -> e2.a:
    int fragment_placeholder_2 -> i1
    int settings_holder -> I2
    int dialpad_asterisk_holder -> H0
    int settings_start_name_with_surname -> j3
    int call_add -> d
    int item_recents_date_time -> q1
    int settings_manage_shown_tabs_chevron -> Q2
    int call_history_number_type -> C
    int dialpad_down_holder -> P0
    int settings_use_english_holder -> r3
    int item_recents_number -> y1
    int settings_open_dialpad_at_launch -> Y2
    int dialpad_toolbar -> X0
    int sorting_dialog_radio_order -> z3
    int call_toggle_speaker -> T
    int call_history_holder -> u
    int select_grouped_calls_list -> a2
    int sorting_dialog_radio_sorting -> A3
    int dialpad_2 -> h0
    int main_tabs_holder -> H1
    int settings_always_show_fullscreen_holder -> i2
    int call_history_number_type_container -> D
    int call_add_contact -> e
    int dialpad_4_letters -> p0
    int on_hold_status_holder -> P1
    int settings_colored_contacts_holder -> q2
    int dialpad_7_holder -> x0
    int recents_placeholder_2 -> X1
    int settings_disable_proximity_sensor_holder -> y2
    int call_history_image -> v
    int caller_avatar -> U
    int settings_other_label -> a3
    int dialpad_asterisk -> G0
    int fragment_placeholder -> h1
    int settings_show_dividers_holder -> i3
    int settings_hide_dialpad_letters_holder -> H2
    int call_add_contact_holder -> f
    int call_history_placeholder_container -> E
    int dialpad_down -> O0
com.goodwy.dialer.activities.CallActivity -> com.goodwy.dialer.activities.CallActivity:
    android.os.PowerManager$WakeLock proximityWakeLock -> a0
    int callDuration -> c0
    com.goodwy.dialer.models.CallContact callContact -> Z
    android.os.PowerManager$WakeLock screenOnWakeLock -> b0
    float dragDownX -> f0
    boolean stopAnimation -> g0
    float dialpadHeight -> i0
    boolean isSpeakerOn -> W
    com.goodwy.dialer.dialogs.DynamicBottomSheetChooserDialog audioRouteChooserDialog -> j0
    boolean isMicrophoneOff -> X
    com.goodwy.dialer.activities.CallActivity$callCallback$1 callCallback -> k0
    com.goodwy.dialer.activities.CallActivity$Companion Companion -> n0
    boolean isCallEnded -> Y
    kotlin.Lazy callContactAvatarHelper$delegate -> d0
    com.goodwy.dialer.activities.CallActivity$updateCallDurationTask$1 updateCallDurationTask -> l0
    java.util.Map _$_findViewCache -> m0
    java.util.ArrayList viewsUnderDialpad -> h0
    android.os.Handler callDurationHandler -> e0
    void $r8$lambda$x71y99uA33nNI_JQ0qgPYWOcxfw(com.goodwy.dialer.activities.CallActivity,android.view.View) -> A1
      # {"id":"com.android.tools.r8.synthesized"}
    void initButtons$lambda$22(com.goodwy.dialer.activities.CallActivity,android.view.View) -> A2
    android.view.View _$_findCachedViewById(int) -> B1
    void initButtons$lambda$23(com.goodwy.dialer.activities.CallActivity,android.view.View) -> B2
    void acceptCall() -> C1
...
androidx.appcompat.view.menu.SubMenuBuilder -> androidx.appcompat.view.menu.r:
    androidx.appcompat.view.menu.MenuBuilder mParentMenu -> B
    androidx.appcompat.view.menu.MenuItemImpl mItem -> C
    androidx.appcompat.view.menu.MenuBuilder getRootMenu() -> D
    boolean isGroupDividerEnabled() -> F
    boolean isQwertyMode() -> G
    boolean isShortcutsVisible() -> H
    void setCallback(androidx.appcompat.view.menu.MenuBuilder$Callback) -> R
    android.view.Menu getParentMenu() -> e0
    boolean collapseItemActionView(androidx.appcompat.view.menu.MenuItemImpl) -> f
    boolean dispatchMenuItemSelected(androidx.appcompat.view.menu.MenuBuilder,android.view.MenuItem) -> h
    boolean expandItemActionView(androidx.appcompat.view.menu.MenuItemImpl) -> k
    java.lang.String getActionViewStatesKey() -> t
androidx.appcompat.view.menu.SubMenuWrapperICS -> androidx.appcompat.view.menu.s:
    androidx.core.internal.view.SupportSubMenu mSubMenu -> e
androidx.appcompat.widget.AbsActionBarView -> androidx.appcompat.widget.a:
    androidx.appcompat.widget.AbsActionBarView$VisibilityAnimListener mVisAnimListener -> e
    androidx.appcompat.widget.ActionMenuPresenter mActionMenuPresenter -> h
    boolean mEatingTouch -> k
    int mContentHeight -> i
    boolean mEatingHover -> l
    androidx.core.view.ViewPropertyAnimatorCompat mVisibilityAnim -> j
    androidx.appcompat.widget.ActionMenuView mMenuView -> g
    android.content.Context mPopupContext -> f
    void access$001(androidx.appcompat.widget.AbsActionBarView,int) -> a
    void access$101(androidx.appcompat.widget.AbsActionBarView,int) -> b
    int measureChildView(android.view.View,int,int,int) -> c
    int next(int,int,boolean) -> d
    int positionChild(android.view.View,int,int,int,boolean) -> e
    androidx.core.view.ViewPropertyAnimatorCompat setupAnimatorToVisibility(int,long) -> f
androidx.appcompat.widget.AbsActionBarView$VisibilityAnimListener -> androidx.appcompat.widget.a$a:
    boolean mCanceled -> a
    int mFinalVisibility -> b
    androidx.appcompat.widget.AbsActionBarView this$0 -> c
    void onAnimationCancel(android.view.View) -> a
    void onAnimationEnd(android.view.View) -> b
    void onAnimationStart(android.view.View) -> c
    androidx.appcompat.widget.AbsActionBarView$VisibilityAnimListener withFinalVisibility(androidx.core.view.ViewPropertyAnimatorCompat,int) -> d
androidx.appcompat.widget.ActionBarBackgroundDrawable -> androidx.appcompat.widget.b:
    androidx.appcompat.widget.ActionBarContainer mContainer -> a
androidx.appcompat.widget.ActionBarBackgroundDrawable$Api21Impl -> androidx.appcompat.widget.b$a:
    void getOutline(android.graphics.drawable.Drawable,android.graphics.Outline) -> a
androidx.appcompat.widget.ActionBarContainer -> androidx.appcompat.widget.ActionBarContainer:
    boolean mIsStacked -> m
    int mHeight -> n
    android.view.View mContextView -> h
    android.graphics.drawable.Drawable mBackground -> i
    android.graphics.drawable.Drawable mStackedBackground -> j
    boolean mIsSplit -> l
    boolean mIsTransitioning -> e
    android.graphics.drawable.Drawable mSplitBackground -> k
    android.view.View mActionBarView -> g
    android.view.View mTabContainer -> f
    int getMeasuredHeightWithMargins(android.view.View) -> a
    boolean isCollapsed(android.view.View) -> b
androidx.appcompat.widget.ActionBarContainer$Api21Impl -> androidx.appcompat.widget.ActionBarContainer$a:
    void invalidateOutline(androidx.appcompat.widget.ActionBarContainer) -> a