app/build/outputs/mapping/fdroidRelease/usage.txt
com.goodwy.dialer.BuildConfig
com.goodwy.dialer.R$anim
com.goodwy.dialer.R$animator
com.goodwy.dialer.R$array
com.goodwy.dialer.R$attr
com.goodwy.dialer.R$bool
com.goodwy.dialer.R$color
com.goodwy.dialer.R$dimen
com.goodwy.dialer.R$drawable
com.goodwy.dialer.R$id:
    public static final int ALT
    public static final int BOTTOM_END
    public static final int BOTTOM_START
    public static final int CTRL
    public static final int FUNCTION
    public static final int META
    public static final int NO_DEBUG
    public static final int SHIFT
    public static final int SHOW_ALL
    public static final int SHOW_PATH
    public static final int SHOW_PROGRESS
    public static final int SYM
    public static final int TOP_END
    public static final int TOP_START
    public static final int about
    public static final int about_app_bar_layout
    public static final int about_app_holder
    public static final int about_app_name
    public static final int about_app_version
    public static final int about_apps
    public static final int about_button
    public static final int about_coordinator
    public static final int about_copyright
    public static final int about_email
    public static final int about_facebook
    public static final int about_follow_us
    public static final int about_holder
    public static final int about_invite
    public static final int about_license
    public static final int about_nested_scrollview
    public static final int about_reddit
    public static final int about_summary
    public static final int about_toolbar
    public static final int about_upgrade_to_pro
    public static final int about_website
    public static final int accelerate
com.goodwy.dialer.R$integer
com.goodwy.dialer.R$interpolator
com.goodwy.dialer.R$layout
com.goodwy.dialer.R$menu
com.goodwy.dialer.R$mipmap
com.goodwy.dialer.R$plurals
com.goodwy.dialer.R$string
com.goodwy.dialer.R$style
com.goodwy.dialer.R$styleable
com.goodwy.dialer.R
com.goodwy.dialer.activities.CallActivity:
    public void _$_clearFindViewByIdCache()
    private final int getActiveButtonColor()
    private final int getInactiveButtonColor()
com.goodwy.dialer.activities.CallHistoryActivity:
    private android.database.Cursor privateCursor
    public void _$_clearFindViewByIdCache()
    private final int getItemCount()
com.goodwy.dialer.activities.ConferenceActivity:
    public void _$_clearFindViewByIdCache()
com.goodwy.dialer.activities.DialerActivity:
    public void _$_clearFindViewByIdCache()
    public android.view.View _$_findCachedViewById(int)
com.goodwy.dialer.activities.DialpadActivity:
    public void _$_clearFindViewByIdCache()
    static synthetic void initCall$default(com.goodwy.dialer.activities.DialpadActivity,java.lang.String,int,int,java.lang.Object)
com.goodwy.dialer.activities.MainActivity:
    public void _$_clearFindViewByIdCache()
    public final void setCachedContacts(java.util.ArrayList)
com.goodwy.dialer.activities.ManageSpeedDialActivity:
    public void _$_clearFindViewByIdCache()
com.goodwy.dialer.activities.SettingsActivity:
    public void _$_clearFindViewByIdCache()
    private final void setupPurchaseThankYou()
    private static final void setupPurchaseThankYou$lambda$2(com.goodwy.dialer.activities.SettingsActivity,android.view.View)
com.goodwy.dialer.activities.SimpleActivity:
    public void _$_clearFindViewByIdCache()
    public android.view.View _$_findCachedViewById(int)
com.goodwy.dialer.activities.SplashActivity:
    public void _$_clearFindViewByIdCache()
    public android.view.View _$_findCachedViewById(int)
com.goodwy.dialer.adapters.ContactsAdapter:
    public final boolean getAllowLongClick()
    public final kotlin.jvm.functions.Function0 getOnDragEndListener()
    public final boolean getShowDeleteButton()
    public final boolean getShowIcon()
    public final boolean getShowNumber()
    public final void setContacts(java.util.ArrayList)
...
kotlin.sequences.SequencesKt___SequencesKt$distinct$1
kotlin.sequences.SequencesKt___SequencesKt$elementAt$1
kotlin.sequences.SequencesKt___SequencesKt$filterIndexed$1
kotlin.sequences.SequencesKt___SequencesKt$filterIndexed$2
kotlin.sequences.SequencesKt___SequencesKt$filterIsInstance$1
kotlin.sequences.SequencesKt___SequencesKt$filterNotNull$1
kotlin.sequences.SequencesKt___SequencesKt$flatMap$1
kotlin.sequences.SequencesKt___SequencesKt$flatMap$2
kotlin.sequences.SequencesKt___SequencesKt$flatMapIndexed$1
kotlin.sequences.SequencesKt___SequencesKt$flatMapIndexed$2
kotlin.sequences.SequencesKt___SequencesKt$groupingBy$1
kotlin.sequences.SequencesKt___SequencesKt$minus$1$iterator$1
kotlin.sequences.SequencesKt___SequencesKt$minus$1
kotlin.sequences.SequencesKt___SequencesKt$minus$2$iterator$1
kotlin.sequences.SequencesKt___SequencesKt$minus$2
kotlin.sequences.SequencesKt___SequencesKt$minus$3$iterator$1
kotlin.sequences.SequencesKt___SequencesKt$minus$3
kotlin.sequences.SequencesKt___SequencesKt$minus$4$iterator$1
kotlin.sequences.SequencesKt___SequencesKt$minus$4
kotlin.sequences.SequencesKt___SequencesKt$onEach$1
kotlin.sequences.SequencesKt___SequencesKt$onEachIndexed$1
kotlin.sequences.SequencesKt___SequencesKt$requireNoNulls$1
kotlin.sequences.SequencesKt___SequencesKt$runningFold$1
kotlin.sequences.SequencesKt___SequencesKt$runningFoldIndexed$1
kotlin.sequences.SequencesKt___SequencesKt$runningReduce$1
kotlin.sequences.SequencesKt___SequencesKt$runningReduceIndexed$1
kotlin.sequences.SequencesKt___SequencesKt$sorted$1
kotlin.sequences.SequencesKt___SequencesKt$sortedWith$1
kotlin.sequences.SequencesKt___SequencesKt$zip$1
kotlin.sequences.SequencesKt___SequencesKt$zipWithNext$1
kotlin.sequences.SequencesKt___SequencesKt$zipWithNext$2
kotlin.sequences.SequencesKt___SequencesKt:
    public void <init>()
    public static final boolean all(kotlin.sequences.Sequence,kotlin.jvm.functions.Function1)
    public static final boolean any(kotlin.sequences.Sequence)
    public static final boolean any(kotlin.sequences.Sequence,kotlin.jvm.functions.Function1)
    private static final kotlin.sequences.Sequence asSequence(kotlin.sequences.Sequence)
    public static final java.util.Map associate(kotlin.sequences.Sequence,kotlin.jvm.functions.Function1)
    public static final java.util.Map associateBy(kotlin.sequences.Sequence,kotlin.jvm.functions.Function1)
    public static final java.util.Map associateBy(kotlin.sequences.Sequence,kotlin.jvm.functions.Function1,kotlin.jvm.functions.Function1)
    public static final java.util.Map associateByTo(kotlin.sequences.Sequence,java.util.Map,kotlin.jvm.functions.Function1)
    public static final java.util.Map associateByTo(kotlin.sequences.Sequence,java.util.Map,kotlin.jvm.functions.Function1,kotlin.jvm.functions.Function1)
    public static final java.util.Map associateTo(kotlin.sequences.Sequence,java.util.Map,kotlin.jvm.functions.Function1)
    public static final java.util.Map associateWith(kotlin.sequences.Sequence,kotlin.jvm.functions.Function1)
    public static final java.util.Map associateWithTo(kotlin.sequences.Sequence,java.util.Map,kotlin.jvm.functions.Function1)
    public static final double averageOfByte(kotlin.sequences.Sequence)
kotlin.sequences.SubSequence$iterator$1
kotlin.sequences.SubSequence
kotlin.sequences.TakeSequence$iterator$1:
    public final java.util.Iterator getIterator()
    public final int getLeft()
    public final void setLeft(int)
kotlin.sequences.TakeSequence:
    public kotlin.sequences.Sequence drop(int)
kotlin.sequences.TakeWhileSequence$iterator$1
kotlin.sequences.TakeWhileSequence
kotlin.sequences.TransformingIndexedSequence$iterator$1
kotlin.sequences.TransformingIndexedSequence
kotlin.sequences.TransformingSequence$iterator$1:
    public final java.util.Iterator getIterator()
kotlin.sequences.TransformingSequence:
    public final kotlin.sequences.Sequence flatten$kotlin_stdlib(kotlin.jvm.functions.Function1)
kotlin.sequences.USequencesKt